<?xml version="1.0" encoding="UTF-8"?>
<!-- Generated by org.testng.reporters.JUnitXMLReporter -->
<testsuite ignored="14" hostname="IN-5CD024GKPM" failures="0" tests="1" name="Default test" time="21.747" errors="0" timestamp="07 Dec 2020 08:06:25 GMT">
  <testcase classname="Random.TestNgClassNew" name="myntra" time="21.723"/>
  <testcase classname="Random.TestNgClassNew" name="ServiceNow" time="0.0">
    <ignored/>
  </testcase> <!-- ServiceNow -->
  <testcase classname="Random.TestNgClassNew" name="Palindromecheck" time="0.0">
    <ignored/>
  </testcase> <!-- Palindromecheck -->
  <testcase classname="Random.TestNgClassNew" name="LenseKart" time="0.0">
    <ignored/>
  </testcase> <!-- LenseKart -->
  <testcase classname="Random.TestNgClassNew" name="BankBazar" time="0.0">
    <ignored/>
  </testcase> <!-- BankBazar -->
  <testcase classname="Random.TestNgClassNew" name="MakeMyTrip" time="0.0">
    <ignored/>
  </testcase> <!-- MakeMyTrip -->
  <testcase classname="Random.TestNgClassNew" name="TheJewelleryroom" time="0.0">
    <ignored/>
  </testcase> <!-- TheJewelleryroom -->
  <testcase classname="Random.TestNgClassNew" name="Google" time="0.0">
    <ignored/>
  </testcase> <!-- Google -->
  <testcase classname="Random.TestNgClassNew" name="Olacab" time="0.0">
    <ignored/>
  </testcase> <!-- Olacab -->
  <testcase classname="Random.TestNgClassNew" name="k" time="0.0">
    <ignored/>
  </testcase> <!-- k -->
  <testcase classname="Random.TestNgClassNew" name="g" time="0.0">
    <ignored/>
  </testcase> <!-- g -->
  <testcase classname="Random.TestNgClassNew" name="letterOccurance" time="0.0">
    <ignored/>
  </testcase> <!-- letterOccurance -->
  <testcase classname="Random.TestNgClassNew" name="Zomato" time="0.0">
    <ignored/>
  </testcase> <!-- Zomato -->
  <testcase classname="Random.TestNgClassNew" name="RedBus" time="0.0">
    <ignored/>
  </testcase> <!-- RedBus -->
  <testcase classname="Random.TestNgClassNew" name="f" time="0.0">
    <ignored/>
  </testcase> <!-- f -->
</testsuite> <!-- Default test -->
