<?xml version="1.0" encoding="UTF-8"?>
<!-- Generated by org.testng.reporters.JUnitXMLReporter -->
<testsuite ignored="7" hostname="IN-5CD024GKPM" failures="0" tests="1" name="Default test" time="19.566" errors="0" timestamp="25 Nov 2020 08:13:06 GMT">
  <testcase classname="Random.TestNgClassNew" name="TheJewelleryroom" time="19.532"/>
  <testcase classname="Random.TestNgClassNew" name="Google" time="0.0">
    <ignored/>
  </testcase> <!-- Google -->
  <testcase classname="Random.TestNgClassNew" name="Olacab" time="0.0">
    <ignored/>
  </testcase> <!-- Olacab -->
  <testcase classname="Random.TestNgClassNew" name="k" time="0.0">
    <ignored/>
  </testcase> <!-- k -->
  <testcase classname="Random.TestNgClassNew" name="BankBazar" time="0.0">
    <ignored/>
  </testcase> <!-- BankBazar -->
  <testcase classname="Random.TestNgClassNew" name="g" time="0.0">
    <ignored/>
  </testcase> <!-- g -->
  <testcase classname="Random.TestNgClassNew" name="Zomato" time="0.0">
    <ignored/>
  </testcase> <!-- Zomato -->
  <testcase classname="Random.TestNgClassNew" name="f" time="0.0">
    <ignored/>
  </testcase> <!-- f -->
</testsuite> <!-- Default test -->
