<?xml version="1.0" encoding="UTF-8"?>
<testng-results ignored="14" total="15" passed="1" failed="0" skipped="0">
  <reporter-output>
  </reporter-output>
  <suite started-at="2020-12-07T08:06:03Z" name="Default suite" finished-at="2020-12-07T08:06:24Z" duration-ms="21747">
    <groups>
    </groups>
    <test started-at="2020-12-07T08:06:03Z" name="Default test" finished-at="2020-12-07T08:06:24Z" duration-ms="21747">
      <class name="Random.TestNgClassNew">
        <test-method signature="myntra()[pri:0, instance:Random.TestNgClassNew@c7045b9]" started-at="2020-12-07T13:36:03Z" name="myntra" finished-at="2020-12-07T13:36:24Z" duration-ms="21723" status="PASS">
          <reporter-output>
          </reporter-output>
        </test-method> <!-- myntra -->
      </class> <!-- Random.TestNgClassNew -->
    </test> <!-- Default test -->
  </suite> <!-- Default suite -->
</testng-results>
