<?xml version="1.0" encoding="UTF-8"?>
<testng-results ignored="7" total="8" passed="1" failed="0" skipped="0">
  <reporter-output>
  </reporter-output>
  <suite started-at="2020-11-25T08:12:46Z" name="Default suite" finished-at="2020-11-25T08:13:06Z" duration-ms="19566">
    <groups>
    </groups>
    <test started-at="2020-11-25T08:12:46Z" name="Default test" finished-at="2020-11-25T08:13:06Z" duration-ms="19566">
      <class name="Random.TestNgClassNew">
        <test-method signature="TheJewelleryroom()[pri:0, instance:Random.TestNgClassNew@4b7dc788]" started-at="2020-11-25T13:42:46Z" name="TheJewelleryroom" finished-at="2020-11-25T13:43:06Z" duration-ms="19532" status="PASS">
          <reporter-output>
          </reporter-output>
        </test-method> <!-- TheJewelleryroom -->
      </class> <!-- Random.TestNgClassNew -->
    </test> <!-- Default test -->
  </suite> <!-- Default suite -->
</testng-results>
